<?xml version="1.0" encoding="UTF-8"?>
<!-- Generated by org.testng.reporters.JUnitReportReporter -->
<testsuite hostname="Kabin" failures="0" tests="1" name="files.DynamicJson" time="2.282" errors="0" timestamp="2022-05-31T22:28:57 CDT" skipped="0">
  <testcase classname="files.DynamicJson" name="addBook" time="2.282"/>
  <system-out/>
</testsuite> <!-- files.DynamicJson -->
