<?xml version="1.0" encoding="UTF-8"?>
<!-- Generated by org.testng.reporters.JUnitReportReporter -->
<testsuite hostname="Kabin" failures="0" tests="1" name="files.SumValidation" time="0.957" errors="0" timestamp="2022-05-31T21:38:30 CDT" skipped="0">
  <testcase classname="files.SumValidation" name="sumofCourse" time="0.957"/>
  <system-out/>
</testsuite> <!-- files.SumValidation -->
