<?xml version="1.0" encoding="UTF-8"?>
<!-- Generated by org.testng.reporters.JUnitReportReporter -->
<testsuite hostname="Kabin" failures="0" tests="3" name="files.DynamicJson" time="3.772" errors="0" timestamp="2022-06-01T22:26:14 CDT" skipped="0">
  <testcase classname="files.DynamicJson" name="addBook" time="0.569"/>
  <system-out/>
  <testcase classname="files.DynamicJson" name="addBook" time="2.636"/>
  <system-out/>
  <testcase classname="files.DynamicJson" name="addBook" time="0.567"/>
  <system-out/>
</testsuite> <!-- files.DynamicJson -->
